# JRE version: Java(TM) SE Runtime Environment (8.0_25-b18) (build 1.8.0_25-b18)
# Java VM: Java HotSpot(TM) 64-Bit Server VM (25.25-b02 mixed mode windows-amd64 compressed oops)
Heap:
 PSYoungGen      total 243200K, used 23387K [0x00000000ef780000, 0x00000000ffb00000, 0x0000000100000000)
  eden space 221696K, 7% used [0x00000000ef780000,0x00000000f076f278,0x00000000fd000000)
  from space 21504K, 32% used [0x00000000fd000000,0x00000000fd6e7b08,0x00000000fe500000)
  to   space 20480K, 0% used [0x00000000fe700000,0x00000000fe700000,0x00000000ffb00000)
 ParOldGen       total 522240K, used 339550K [0x00000000ce600000, 0x00000000ee400000, 0x00000000ef780000)
  object space 522240K, 65% used [0x00000000ce600000,0x00000000e3197af8,0x00000000ee400000)
 Metaspace       used 109791K, capacity 120925K, committed 121512K, reserved 1155072K
  class space    used 12522K, capacity 15633K, committed 15792K, reserved 1048576K
GC Heap History (10 events):
Event: 113213.634 GC heap before
{Heap before GC invocations=1009 (full 26):
 PSYoungGen      total 236032K, used 217576K [0x00000000ef780000, 0x00000000ff800000, 0x0000000100000000)
  eden space 211456K, 100% used [0x00000000ef780000,0x00000000fc600000,0x00000000fc600000)
  from space 24576K, 24% used [0x00000000fe000000,0x00000000fe5fa3d8,0x00000000ff800000)
  to   space 25600K, 0% used [0x00000000fc600000,0x00000000fc600000,0x00000000fdf00000)
 ParOldGen       total 522240K, used 339550K [0x00000000ce600000, 0x00000000ee400000, 0x00000000ef780000)
  object space 522240K, 65% used [0x00000000ce600000,0x00000000e3197af8,0x00000000ee400000)
 Metaspace       used 109787K, capacity 120925K, committed 121512K, reserved 1155072K
  class space    used 12522K, capacity 15633K, committed 15792K, reserved 1048576K
Event: 113213.655 GC heap after
Heap after GC invocations=1009 (full 26):
 PSYoungGen      total 237056K, used 8535K [0x00000000ef780000, 0x00000000ffe80000, 0x0000000100000000)
  eden space 211456K, 0% used [0x00000000ef780000,0x00000000ef780000,0x00000000fc600000)
  from space 25600K, 33% used [0x00000000fc600000,0x00000000fce55fe8,0x00000000fdf00000)
  to   space 25088K, 0% used [0x00000000fe600000,0x00000000fe600000,0x00000000ffe80000)
 ParOldGen       total 522240K, used 339550K [0x00000000ce600000, 0x00000000ee400000, 0x00000000ef780000)
  object space 522240K, 65% used [0x00000000ce600000,0x00000000e3197af8,0x00000000ee400000)
 Metaspace       used 109787K, capacity 120925K, committed 121512K, reserved 1155072K
  class space    used 12522K, capacity 15633K, committed 15792K, reserved 1048576K
}
Event: 113471.138 GC heap before
{Heap before GC invocations=1010 (full 26):
 PSYoungGen      total 237056K, used 219991K [0x00000000ef780000, 0x00000000ffe80000, 0x0000000100000000)
  eden space 211456K, 100% used [0x00000000ef780000,0x00000000fc600000,0x00000000fc600000)
  from space 25600K, 33% used [0x00000000fc600000,0x00000000fce55fe8,0x00000000fdf00000)
  to   space 25088K, 0% used [0x00000000fe600000,0x00000000fe600000,0x00000000ffe80000)
 ParOldGen       total 522240K, used 339550K [0x00000000ce600000, 0x00000000ee400000, 0x00000000ef780000)
  object space 522240K, 65% used [0x00000000ce600000,0x00000000e3197af8,0x00000000ee400000)
 Metaspace       used 109791K, capacity 120925K, committed 121512K, reserved 1155072K
  class space    used 12522K, capacity 15633K, committed 15792K, reserved 1048576K
Event: 113471.178 GC heap after
Heap after GC invocations=1010 (full 26):
 PSYoungGen      total 239104K, used 8280K [0x00000000ef780000, 0x00000000ffb00000, 0x0000000100000000)
  eden space 217600K, 0% used [0x00000000ef780000,0x00000000ef780000,0x00000000fcc00000)
  from space 21504K, 38% used [0x00000000fe600000,0x00000000fee163b8,0x00000000ffb00000)
  to   space 24064K, 0% used [0x00000000fcc00000,0x00000000fcc00000,0x00000000fe380000)
 ParOldGen       total 522240K, used 339550K [0x00000000ce600000, 0x00000000ee400000, 0x00000000ef780000)
  object space 522240K, 65% used [0x00000000ce600000,0x00000000e3197af8,0x00000000ee400000)
 Metaspace       used 109791K, capacity 120925K, committed 121512K, reserved 1155072K
  class space    used 12522K, capacity 15633K, committed 15792K, reserved 1048576K
}
Event: 114478.854 GC heap before
{Heap before GC invocations=1011 (full 26):
 PSYoungGen      total 239104K, used 225880K [0x00000000ef780000, 0x00000000ffb00000, 0x0000000100000000)
  eden space 217600K, 100% used [0x00000000ef780000,0x00000000fcc00000,0x00000000fcc00000)
  from space 21504K, 38% used [0x00000000fe600000,0x00000000fee163b8,0x00000000ffb00000)
  to   space 24064K, 0% used [0x00000000fcc00000,0x00000000fcc00000,0x00000000fe380000)
 ParOldGen       total 522240K, used 339550K [0x00000000ce600000, 0x00000000ee400000, 0x00000000ef780000)
  object space 522240K, 65% used [0x00000000ce600000,0x00000000e3197af8,0x00000000ee400000)
 Metaspace       used 109791K, capacity 120925K, committed 121512K, reserved 1155072K
  class space    used 12522K, capacity 15633K, committed 15792K, reserved 1048576K
Event: 114478.904 GC heap after
Heap after GC invocations=1011 (full 26):
 PSYoungGen      total 241664K, used 8424K [0x00000000ef780000, 0x00000000ffe00000, 0x0000000100000000)
  eden space 217600K, 0% used [0x00000000ef780000,0x00000000ef780000,0x00000000fcc00000)
  from space 24064K, 35% used [0x00000000fcc00000,0x00000000fd43a168,0x00000000fe380000)
  to   space 23040K, 0% used [0x00000000fe780000,0x00000000fe780000,0x00000000ffe00000)
 ParOldGen       total 522240K, used 339550K [0x00000000ce600000, 0x00000000ee400000, 0x00000000ef780000)
  object space 522240K, 65% used [0x00000000ce600000,0x00000000e3197af8,0x00000000ee400000)
 Metaspace       used 109791K, capacity 120925K, committed 121512K, reserved 1155072K
  class space    used 12522K, capacity 15633K, committed 15792K, reserved 1048576K
}
Event: 115453.588 GC heap before
{Heap before GC invocations=1012 (full 26):
 PSYoungGen      total 241664K, used 226024K [0x00000000ef780000, 0x00000000ffe00000, 0x0000000100000000)
  eden space 217600K, 100% used [0x00000000ef780000,0x00000000fcc00000,0x00000000fcc00000)
  from space 24064K, 35% used [0x00000000fcc00000,0x00000000fd43a168,0x00000000fe380000)
  to   space 23040K, 0% used [0x00000000fe780000,0x00000000fe780000,0x00000000ffe00000)
 ParOldGen       total 522240K, used 339550K [0x00000000ce600000, 0x00000000ee400000, 0x00000000ef780000)
  object space 522240K, 65% used [0x00000000ce600000,0x00000000e3197af8,0x00000000ee400000)
 Metaspace       used 109791K, capacity 120925K, committed 121512K, reserved 1155072K
  class space    used 12522K, capacity 15633K, committed 15792K, reserved 1048576K
Event: 115453.662 GC heap after
Heap after GC invocations=1012 (full 26):
 PSYoungGen      total 240640K, used 7008K [0x00000000ef780000, 0x00000000ffa00000, 0x0000000100000000)
  eden space 221696K, 0% used [0x00000000ef780000,0x00000000ef780000,0x00000000fd000000)
  from space 18944K, 36% used [0x00000000fe780000,0x00000000fee58070,0x00000000ffa00000)
  to   space 21504K, 0% used [0x00000000fd000000,0x00000000fd000000,0x00000000fe500000)
 ParOldGen       total 522240K, used 339550K [0x00000000ce600000, 0x00000000ee400000, 0x00000000ef780000)
  object space 522240K, 65% used [0x00000000ce600000,0x00000000e3197af8,0x00000000ee400000)
 Metaspace       used 109791K, capacity 120925K, committed 121512K, reserved 1155072K
  class space    used 12522K, capacity 15633K, committed 15792K, reserved 1048576K
}
Event: 116503.009 GC heap before
{Heap before GC invocations=1013 (full 26):
 PSYoungGen      total 240640K, used 228704K [0x00000000ef780000, 0x00000000ffa00000, 0x0000000100000000)
  eden space 221696K, 100% used [0x00000000ef780000,0x00000000fd000000,0x00000000fd000000)
  from space 18944K, 36% used [0x00000000fe780000,0x00000000fee58070,0x00000000ffa00000)
  to   space 21504K, 0% used [0x00000000fd000000,0x00000000fd000000,0x00000000fe500000)
 ParOldGen       total 522240K, used 339550K [0x00000000ce600000, 0x00000000ee400000, 0x00000000ef780000)
  object space 522240K, 65% used [0x00000000ce600000,0x00000000e3197af8,0x00000000ee400000)
 Metaspace       used 109791K, capacity 120925K, committed 121512K, reserved 1155072K
  class space    used 12522K, capacity 15633K, committed 15792K, reserved 1048576K
Event: 116503.047 GC heap after
Heap after GC invocations=1013 (full 26):
 PSYoungGen      total 243200K, used 7070K [0x00000000ef780000, 0x00000000ffb00000, 0x0000000100000000)
  eden space 221696K, 0% used [0x00000000ef780000,0x00000000ef780000,0x00000000fd000000)
  from space 21504K, 32% used [0x00000000fd000000,0x00000000fd6e7b08,0x00000000fe500000)
  to   space 20480K, 0% used [0x00000000fe700000,0x00000000fe700000,0x00000000ffb00000)
 ParOldGen       total 522240K, used 339550K [0x00000000ce600000, 0x00000000ee400000, 0x00000000ef780000)
  object space 522240K, 65% used [0x00000000ce600000,0x00000000e3197af8,0x00000000ee400000)
 Metaspace       used 109791K, capacity 120925K, committed 121512K, reserved 1155072K
  class space    used 12522K, capacity 15633K, committed 15792K, reserved 1048576K
}

